<?xml version="1.0" encoding="UTF-8"?>
<testng-results skipped="0" failed="4" total="21" passed="17">
  <reporter-output>
  </reporter-output>
  <suite name="BookLibrary-cdiTest" duration-ms="3737" started-at="2015-12-16T12:11:30Z" finished-at="2015-12-16T12:11:34Z">
    <groups>
      <group name="ReviewHome">
        <method signature="ReviewHomeTest.testCreateBook()[pri:0, instance:com.softserveinc.model.persist.home.ReviewHomeTest@210366b4]" name="testCreateBook" class="com.softserveinc.model.persist.home.ReviewHomeTest"/>
        <method signature="ReviewHomeTest.testUpdateReview()[pri:0, instance:com.softserveinc.model.persist.home.ReviewHomeTest@210366b4]" name="testUpdateReview" class="com.softserveinc.model.persist.home.ReviewHomeTest"/>
      </group> <!-- ReviewHome -->
      <group name="AuthorHome">
        <method signature="AuthorHomeTest.testCreateAuthor()[pri:0, instance:com.softserveinc.model.persist.home.AuthorHomeTest@6ddf90b0]" name="testCreateAuthor" class="com.softserveinc.model.persist.home.AuthorHomeTest"/>
        <method signature="AuthorHomeTest.testUpdateAuthor()[pri:0, instance:com.softserveinc.model.persist.home.AuthorHomeTest@6ddf90b0]" name="testUpdateAuthor" class="com.softserveinc.model.persist.home.AuthorHomeTest"/>
      </group> <!-- AuthorHome -->
      <group name="bookHome">
        <method signature="BookHomeTest.testCreateBook()[pri:0, instance:com.softserveinc.model.persist.home.BookHomeTest@6f1fba17]" name="testCreateBook" class="com.softserveinc.model.persist.home.BookHomeTest"/>
        <method signature="BookHomeTest.testCreateBookWithAuthors()[pri:0, instance:com.softserveinc.model.persist.home.BookHomeTest@6f1fba17]" name="testCreateBookWithAuthors" class="com.softserveinc.model.persist.home.BookHomeTest"/>
        <method signature="BookHomeTest.testUpdateBook()[pri:0, instance:com.softserveinc.model.persist.home.BookHomeTest@6f1fba17]" name="testUpdateBook" class="com.softserveinc.model.persist.home.BookHomeTest"/>
      </group> <!-- bookHome -->
    </groups>
    <test name="homes" duration-ms="2095" started-at="2015-12-16T12:11:30Z" finished-at="2015-12-16T12:11:32Z">
      <class name="com.softserveinc.model.persist.home.AuthorHomeTest">
        <test-method status="PASS" signature="setUp()[pri:0, instance:com.softserveinc.model.persist.home.AuthorHomeTest@6ddf90b0]" name="setUp" is-config="true" duration-ms="510" started-at="2015-12-16T14:11:31Z" finished-at="2015-12-16T14:11:32Z">
          <reporter-output>
          </reporter-output>
        </test-method> <!-- setUp -->
        <test-method status="PASS" signature="testCreateAuthor()[pri:0, instance:com.softserveinc.model.persist.home.AuthorHomeTest@6ddf90b0]" name="testCreateAuthor" duration-ms="10" started-at="2015-12-16T14:11:32Z" finished-at="2015-12-16T14:11:32Z">
          <reporter-output>
          </reporter-output>
        </test-method> <!-- testCreateAuthor -->
        <test-method status="PASS" signature="testUpdateAuthor()[pri:0, instance:com.softserveinc.model.persist.home.AuthorHomeTest@6ddf90b0]" name="testUpdateAuthor" duration-ms="20" started-at="2015-12-16T14:11:32Z" finished-at="2015-12-16T14:11:32Z">
          <reporter-output>
          </reporter-output>
        </test-method> <!-- testUpdateAuthor -->
        <test-method status="FAIL" signature="testFindAllAuthors()[pri:0, instance:com.softserveinc.model.persist.home.AuthorHomeTest@6ddf90b0]" name="testFindAllAuthors" duration-ms="0" depends-on-groups="AuthorHome" started-at="2015-12-16T14:11:32Z" finished-at="2015-12-16T14:11:32Z">
          <exception class="java.lang.AssertionError">
            <message>
              <![CDATA[expected:<5> but was:<0>]]>
            </message>
            <full-stacktrace>
              <![CDATA[java.lang.AssertionError: expected:<5> but was:<0>
	at org.junit.Assert.fail(Assert.java:88)
	at org.junit.Assert.failNotEquals(Assert.java:743)
	at org.junit.Assert.assertEquals(Assert.java:118)
	at org.junit.Assert.assertEquals(Assert.java:555)
	at org.junit.Assert.assertEquals(Assert.java:542)
	at com.softserveinc.model.persist.home.AuthorHomeTest.testFindAllAuthors(AuthorHomeTest.java:63)
	at sun.reflect.NativeMethodAccessorImpl.invoke0(Native Method)
	at sun.reflect.NativeMethodAccessorImpl.invoke(NativeMethodAccessorImpl.java:62)
	at sun.reflect.DelegatingMethodAccessorImpl.invoke(DelegatingMethodAccessorImpl.java:43)
	at java.lang.reflect.Method.invoke(Method.java:497)
	at org.testng.internal.MethodInvocationHelper.invokeMethod(MethodInvocationHelper.java:85)
	at org.testng.internal.Invoker.invokeMethod(Invoker.java:639)
	at org.testng.internal.Invoker.invokeTestMethod(Invoker.java:816)
	at org.testng.internal.Invoker.invokeTestMethods(Invoker.java:1124)
	at org.testng.internal.TestMethodWorker.invokeTestMethods(TestMethodWorker.java:125)
	at org.testng.internal.TestMethodWorker.run(TestMethodWorker.java:108)
	at org.testng.TestRunner.privateRun(TestRunner.java:774)
	at org.testng.TestRunner.run(TestRunner.java:624)
	at org.testng.SuiteRunner.runTest(SuiteRunner.java:359)
	at org.testng.SuiteRunner.runSequentially(SuiteRunner.java:354)
	at org.testng.SuiteRunner.privateRun(SuiteRunner.java:312)
	at org.testng.SuiteRunner.run(SuiteRunner.java:261)
	at org.testng.SuiteRunnerWorker.runSuite(SuiteRunnerWorker.java:52)
	at org.testng.SuiteRunnerWorker.run(SuiteRunnerWorker.java:86)
	at org.testng.TestNG.runSuitesSequentially(TestNG.java:1215)
	at org.testng.TestNG.runSuitesLocally(TestNG.java:1140)
	at org.testng.TestNG.run(TestNG.java:1048)
	at org.testng.remote.RemoteTestNG.run(RemoteTestNG.java:112)
	at org.testng.remote.RemoteTestNG.initAndRun(RemoteTestNG.java:205)
	at org.testng.remote.RemoteTestNG.main(RemoteTestNG.java:176)
]]>
            </full-stacktrace>
          </exception> <!-- java.lang.AssertionError -->
          <reporter-output>
          </reporter-output>
        </test-method> <!-- testFindAllAuthors -->
        <test-method status="PASS" signature="tearDown()[pri:0, instance:com.softserveinc.model.persist.home.AuthorHomeTest@6ddf90b0]" name="tearDown" is-config="true" duration-ms="20" started-at="2015-12-16T14:11:32Z" finished-at="2015-12-16T14:11:32Z">
          <reporter-output>
          </reporter-output>
        </test-method> <!-- tearDown -->
        <test-method status="FAIL" signature="testFindByIdAuthor()[pri:0, instance:com.softserveinc.model.persist.home.AuthorHomeTest@6ddf90b0]" name="testFindByIdAuthor" duration-ms="0" depends-on-groups="AuthorHome" started-at="2015-12-16T14:11:32Z" finished-at="2015-12-16T14:11:32Z">
          <exception class="java.lang.NullPointerException">
            <full-stacktrace>
              <![CDATA[java.lang.NullPointerException
	at com.softserveinc.model.persist.home.AuthorHomeTest.testFindByIdAuthor(AuthorHomeTest.java:54)
	at sun.reflect.NativeMethodAccessorImpl.invoke0(Native Method)
	at sun.reflect.NativeMethodAccessorImpl.invoke(NativeMethodAccessorImpl.java:62)
	at sun.reflect.DelegatingMethodAccessorImpl.invoke(DelegatingMethodAccessorImpl.java:43)
	at java.lang.reflect.Method.invoke(Method.java:497)
	at org.testng.internal.MethodInvocationHelper.invokeMethod(MethodInvocationHelper.java:85)
	at org.testng.internal.Invoker.invokeMethod(Invoker.java:639)
	at org.testng.internal.Invoker.invokeTestMethod(Invoker.java:816)
	at org.testng.internal.Invoker.invokeTestMethods(Invoker.java:1124)
	at org.testng.internal.TestMethodWorker.invokeTestMethods(TestMethodWorker.java:125)
	at org.testng.internal.TestMethodWorker.run(TestMethodWorker.java:108)
	at org.testng.TestRunner.privateRun(TestRunner.java:774)
	at org.testng.TestRunner.run(TestRunner.java:624)
	at org.testng.SuiteRunner.runTest(SuiteRunner.java:359)
	at org.testng.SuiteRunner.runSequentially(SuiteRunner.java:354)
	at org.testng.SuiteRunner.privateRun(SuiteRunner.java:312)
	at org.testng.SuiteRunner.run(SuiteRunner.java:261)
	at org.testng.SuiteRunnerWorker.runSuite(SuiteRunnerWorker.java:52)
	at org.testng.SuiteRunnerWorker.run(SuiteRunnerWorker.java:86)
	at org.testng.TestNG.runSuitesSequentially(TestNG.java:1215)
	at org.testng.TestNG.runSuitesLocally(TestNG.java:1140)
	at org.testng.TestNG.run(TestNG.java:1048)
	at org.testng.remote.RemoteTestNG.run(RemoteTestNG.java:112)
	at org.testng.remote.RemoteTestNG.initAndRun(RemoteTestNG.java:205)
	at org.testng.remote.RemoteTestNG.main(RemoteTestNG.java:176)
]]>
            </full-stacktrace>
          </exception> <!-- java.lang.NullPointerException -->
          <reporter-output>
          </reporter-output>
        </test-method> <!-- testFindByIdAuthor -->
      </class> <!-- com.softserveinc.model.persist.home.AuthorHomeTest -->
      <class name="com.softserveinc.model.persist.home.BookHomeTest">
        <test-method status="PASS" signature="setUp()[pri:0, instance:com.softserveinc.model.persist.home.BookHomeTest@6f1fba17]" name="setUp" is-config="true" duration-ms="557" started-at="2015-12-16T14:11:30Z" finished-at="2015-12-16T14:11:30Z">
          <reporter-output>
          </reporter-output>
        </test-method> <!-- setUp -->
        <test-method status="PASS" signature="testCreateBook()[pri:0, instance:com.softserveinc.model.persist.home.BookHomeTest@6f1fba17]" name="testCreateBook" duration-ms="150" started-at="2015-12-16T14:11:30Z" finished-at="2015-12-16T14:11:31Z">
          <reporter-output>
          </reporter-output>
        </test-method> <!-- testCreateBook -->
        <test-method status="PASS" signature="testCreateBookWithAuthors()[pri:0, instance:com.softserveinc.model.persist.home.BookHomeTest@6f1fba17]" name="testCreateBookWithAuthors" duration-ms="60" started-at="2015-12-16T14:11:31Z" finished-at="2015-12-16T14:11:31Z">
          <reporter-output>
          </reporter-output>
        </test-method> <!-- testCreateBookWithAuthors -->
        <test-method status="PASS" signature="testUpdateBook()[pri:0, instance:com.softserveinc.model.persist.home.BookHomeTest@6f1fba17]" name="testUpdateBook" duration-ms="50" started-at="2015-12-16T14:11:31Z" finished-at="2015-12-16T14:11:31Z">
          <reporter-output>
          </reporter-output>
        </test-method> <!-- testUpdateBook -->
        <test-method status="FAIL" signature="testFindAllBooks()[pri:0, instance:com.softserveinc.model.persist.home.BookHomeTest@6f1fba17]" name="testFindAllBooks" duration-ms="20" depends-on-groups="bookHome" started-at="2015-12-16T14:11:32Z" finished-at="2015-12-16T14:11:32Z">
          <exception class="java.lang.AssertionError">
            <message>
              <![CDATA[expected:<8> but was:<7>]]>
            </message>
            <full-stacktrace>
              <![CDATA[java.lang.AssertionError: expected:<8> but was:<7>
	at org.junit.Assert.fail(Assert.java:88)
	at org.junit.Assert.failNotEquals(Assert.java:743)
	at org.junit.Assert.assertEquals(Assert.java:118)
	at org.junit.Assert.assertEquals(Assert.java:555)
	at org.junit.Assert.assertEquals(Assert.java:542)
	at com.softserveinc.model.persist.home.BookHomeTest.testFindAllBooks(BookHomeTest.java:127)
	at sun.reflect.NativeMethodAccessorImpl.invoke0(Native Method)
	at sun.reflect.NativeMethodAccessorImpl.invoke(NativeMethodAccessorImpl.java:62)
	at sun.reflect.DelegatingMethodAccessorImpl.invoke(DelegatingMethodAccessorImpl.java:43)
	at java.lang.reflect.Method.invoke(Method.java:497)
	at org.testng.internal.MethodInvocationHelper.invokeMethod(MethodInvocationHelper.java:85)
	at org.testng.internal.Invoker.invokeMethod(Invoker.java:639)
	at org.testng.internal.Invoker.invokeTestMethod(Invoker.java:816)
	at org.testng.internal.Invoker.invokeTestMethods(Invoker.java:1124)
	at org.testng.internal.TestMethodWorker.invokeTestMethods(TestMethodWorker.java:125)
	at org.testng.internal.TestMethodWorker.run(TestMethodWorker.java:108)
	at org.testng.TestRunner.privateRun(TestRunner.java:774)
	at org.testng.TestRunner.run(TestRunner.java:624)
	at org.testng.SuiteRunner.runTest(SuiteRunner.java:359)
	at org.testng.SuiteRunner.runSequentially(SuiteRunner.java:354)
	at org.testng.SuiteRunner.privateRun(SuiteRunner.java:312)
	at org.testng.SuiteRunner.run(SuiteRunner.java:261)
	at org.testng.SuiteRunnerWorker.runSuite(SuiteRunnerWorker.java:52)
	at org.testng.SuiteRunnerWorker.run(SuiteRunnerWorker.java:86)
	at org.testng.TestNG.runSuitesSequentially(TestNG.java:1215)
	at org.testng.TestNG.runSuitesLocally(TestNG.java:1140)
	at org.testng.TestNG.run(TestNG.java:1048)
	at org.testng.remote.RemoteTestNG.run(RemoteTestNG.java:112)
	at org.testng.remote.RemoteTestNG.initAndRun(RemoteTestNG.java:205)
	at org.testng.remote.RemoteTestNG.main(RemoteTestNG.java:176)
]]>
            </full-stacktrace>
          </exception> <!-- java.lang.AssertionError -->
          <reporter-output>
          </reporter-output>
        </test-method> <!-- testFindAllBooks -->
        <test-method status="PASS" signature="testFindByIdBook()[pri:0, instance:com.softserveinc.model.persist.home.BookHomeTest@6f1fba17]" name="testFindByIdBook" duration-ms="10" depends-on-groups="bookHome" started-at="2015-12-16T14:11:32Z" finished-at="2015-12-16T14:11:32Z">
          <exception class="java.lang.NullPointerException">
            <full-stacktrace>
              <![CDATA[java.lang.NullPointerException
	at com.softserveinc.model.persist.home.BookHomeTest.testFindByIdBook(BookHomeTest.java:111)
	at sun.reflect.NativeMethodAccessorImpl.invoke0(Native Method)
	at sun.reflect.NativeMethodAccessorImpl.invoke(NativeMethodAccessorImpl.java:62)
	at sun.reflect.DelegatingMethodAccessorImpl.invoke(DelegatingMethodAccessorImpl.java:43)
	at java.lang.reflect.Method.invoke(Method.java:497)
	at org.testng.internal.MethodInvocationHelper.invokeMethod(MethodInvocationHelper.java:85)
	at org.testng.internal.Invoker.invokeMethod(Invoker.java:639)
	at org.testng.internal.Invoker.invokeTestMethod(Invoker.java:816)
	at org.testng.internal.Invoker.invokeTestMethods(Invoker.java:1124)
	at org.testng.internal.TestMethodWorker.invokeTestMethods(TestMethodWorker.java:125)
	at org.testng.internal.TestMethodWorker.run(TestMethodWorker.java:108)
	at org.testng.TestRunner.privateRun(TestRunner.java:774)
	at org.testng.TestRunner.run(TestRunner.java:624)
	at org.testng.SuiteRunner.runTest(SuiteRunner.java:359)
	at org.testng.SuiteRunner.runSequentially(SuiteRunner.java:354)
	at org.testng.SuiteRunner.privateRun(SuiteRunner.java:312)
	at org.testng.SuiteRunner.run(SuiteRunner.java:261)
	at org.testng.SuiteRunnerWorker.runSuite(SuiteRunnerWorker.java:52)
	at org.testng.SuiteRunnerWorker.run(SuiteRunnerWorker.java:86)
	at org.testng.TestNG.runSuitesSequentially(TestNG.java:1215)
	at org.testng.TestNG.runSuitesLocally(TestNG.java:1140)
	at org.testng.TestNG.run(TestNG.java:1048)
	at org.testng.remote.RemoteTestNG.run(RemoteTestNG.java:112)
	at org.testng.remote.RemoteTestNG.initAndRun(RemoteTestNG.java:205)
	at org.testng.remote.RemoteTestNG.main(RemoteTestNG.java:176)
]]>
            </full-stacktrace>
          </exception> <!-- java.lang.NullPointerException -->
          <reporter-output>
          </reporter-output>
        </test-method> <!-- testFindByIdBook -->
        <test-method status="PASS" signature="tearDown()[pri:0, instance:com.softserveinc.model.persist.home.BookHomeTest@6f1fba17]" name="tearDown" is-config="true" duration-ms="50" started-at="2015-12-16T14:11:32Z" finished-at="2015-12-16T14:11:32Z">
          <reporter-output>
          </reporter-output>
        </test-method> <!-- tearDown -->
      </class> <!-- com.softserveinc.model.persist.home.BookHomeTest -->
      <class name="com.softserveinc.model.persist.home.ReviewHomeTest">
        <test-method status="PASS" signature="setUp()[pri:0, instance:com.softserveinc.model.persist.home.ReviewHomeTest@210366b4]" name="setUp" is-config="true" duration-ms="472" started-at="2015-12-16T14:11:31Z" finished-at="2015-12-16T14:11:31Z">
          <reporter-output>
          </reporter-output>
        </test-method> <!-- setUp -->
        <test-method status="PASS" signature="testCreateBook()[pri:0, instance:com.softserveinc.model.persist.home.ReviewHomeTest@210366b4]" name="testCreateBook" duration-ms="50" started-at="2015-12-16T14:11:31Z" finished-at="2015-12-16T14:11:31Z">
          <reporter-output>
          </reporter-output>
        </test-method> <!-- testCreateBook -->
        <test-method status="PASS" signature="testUpdateReview()[pri:0, instance:com.softserveinc.model.persist.home.ReviewHomeTest@210366b4]" name="testUpdateReview" duration-ms="60" started-at="2015-12-16T14:11:31Z" finished-at="2015-12-16T14:11:31Z">
          <reporter-output>
          </reporter-output>
        </test-method> <!-- testUpdateReview -->
        <test-method status="PASS" signature="testFindByIdBook()[pri:0, instance:com.softserveinc.model.persist.home.ReviewHomeTest@210366b4]" name="testFindByIdBook" duration-ms="10" depends-on-groups="ReviewHome" started-at="2015-12-16T14:11:32Z" finished-at="2015-12-16T14:11:32Z">
          <exception class="java.lang.NullPointerException">
            <full-stacktrace>
              <![CDATA[java.lang.NullPointerException
	at com.softserveinc.model.persist.home.ReviewHomeTest.testFindByIdBook(ReviewHomeTest.java:65)
	at sun.reflect.NativeMethodAccessorImpl.invoke0(Native Method)
	at sun.reflect.NativeMethodAccessorImpl.invoke(NativeMethodAccessorImpl.java:62)
	at sun.reflect.DelegatingMethodAccessorImpl.invoke(DelegatingMethodAccessorImpl.java:43)
	at java.lang.reflect.Method.invoke(Method.java:497)
	at org.testng.internal.MethodInvocationHelper.invokeMethod(MethodInvocationHelper.java:85)
	at org.testng.internal.Invoker.invokeMethod(Invoker.java:639)
	at org.testng.internal.Invoker.invokeTestMethod(Invoker.java:816)
	at org.testng.internal.Invoker.invokeTestMethods(Invoker.java:1124)
	at org.testng.internal.TestMethodWorker.invokeTestMethods(TestMethodWorker.java:125)
	at org.testng.internal.TestMethodWorker.run(TestMethodWorker.java:108)
	at org.testng.TestRunner.privateRun(TestRunner.java:774)
	at org.testng.TestRunner.run(TestRunner.java:624)
	at org.testng.SuiteRunner.runTest(SuiteRunner.java:359)
	at org.testng.SuiteRunner.runSequentially(SuiteRunner.java:354)
	at org.testng.SuiteRunner.privateRun(SuiteRunner.java:312)
	at org.testng.SuiteRunner.run(SuiteRunner.java:261)
	at org.testng.SuiteRunnerWorker.runSuite(SuiteRunnerWorker.java:52)
	at org.testng.SuiteRunnerWorker.run(SuiteRunnerWorker.java:86)
	at org.testng.TestNG.runSuitesSequentially(TestNG.java:1215)
	at org.testng.TestNG.runSuitesLocally(TestNG.java:1140)
	at org.testng.TestNG.run(TestNG.java:1048)
	at org.testng.remote.RemoteTestNG.run(RemoteTestNG.java:112)
	at org.testng.remote.RemoteTestNG.initAndRun(RemoteTestNG.java:205)
	at org.testng.remote.RemoteTestNG.main(RemoteTestNG.java:176)
]]>
            </full-stacktrace>
          </exception> <!-- java.lang.NullPointerException -->
          <reporter-output>
          </reporter-output>
        </test-method> <!-- testFindByIdBook -->
        <test-method status="FAIL" signature="testFindAllReviews()[pri:0, instance:com.softserveinc.model.persist.home.ReviewHomeTest@210366b4]" name="testFindAllReviews" duration-ms="0" depends-on-groups="ReviewHome" started-at="2015-12-16T14:11:32Z" finished-at="2015-12-16T14:11:32Z">
          <exception class="java.lang.AssertionError">
            <message>
              <![CDATA[expected:<8> but was:<0>]]>
            </message>
            <full-stacktrace>
              <![CDATA[java.lang.AssertionError: expected:<8> but was:<0>
	at org.junit.Assert.fail(Assert.java:88)
	at org.junit.Assert.failNotEquals(Assert.java:743)
	at org.junit.Assert.assertEquals(Assert.java:118)
	at org.junit.Assert.assertEquals(Assert.java:555)
	at org.junit.Assert.assertEquals(Assert.java:542)
	at com.softserveinc.model.persist.home.ReviewHomeTest.testFindAllReviews(ReviewHomeTest.java:87)
	at sun.reflect.NativeMethodAccessorImpl.invoke0(Native Method)
	at sun.reflect.NativeMethodAccessorImpl.invoke(NativeMethodAccessorImpl.java:62)
	at sun.reflect.DelegatingMethodAccessorImpl.invoke(DelegatingMethodAccessorImpl.java:43)
	at java.lang.reflect.Method.invoke(Method.java:497)
	at org.testng.internal.MethodInvocationHelper.invokeMethod(MethodInvocationHelper.java:85)
	at org.testng.internal.Invoker.invokeMethod(Invoker.java:639)
	at org.testng.internal.Invoker.invokeTestMethod(Invoker.java:816)
	at org.testng.internal.Invoker.invokeTestMethods(Invoker.java:1124)
	at org.testng.internal.TestMethodWorker.invokeTestMethods(TestMethodWorker.java:125)
	at org.testng.internal.TestMethodWorker.run(TestMethodWorker.java:108)
	at org.testng.TestRunner.privateRun(TestRunner.java:774)
	at org.testng.TestRunner.run(TestRunner.java:624)
	at org.testng.SuiteRunner.runTest(SuiteRunner.java:359)
	at org.testng.SuiteRunner.runSequentially(SuiteRunner.java:354)
	at org.testng.SuiteRunner.privateRun(SuiteRunner.java:312)
	at org.testng.SuiteRunner.run(SuiteRunner.java:261)
	at org.testng.SuiteRunnerWorker.runSuite(SuiteRunnerWorker.java:52)
	at org.testng.SuiteRunnerWorker.run(SuiteRunnerWorker.java:86)
	at org.testng.TestNG.runSuitesSequentially(TestNG.java:1215)
	at org.testng.TestNG.runSuitesLocally(TestNG.java:1140)
	at org.testng.TestNG.run(TestNG.java:1048)
	at org.testng.remote.RemoteTestNG.run(RemoteTestNG.java:112)
	at org.testng.remote.RemoteTestNG.initAndRun(RemoteTestNG.java:205)
	at org.testng.remote.RemoteTestNG.main(RemoteTestNG.java:176)
]]>
            </full-stacktrace>
          </exception> <!-- java.lang.AssertionError -->
          <reporter-output>
          </reporter-output>
        </test-method> <!-- testFindAllReviews -->
        <test-method status="PASS" signature="tearDown()[pri:0, instance:com.softserveinc.model.persist.home.ReviewHomeTest@210366b4]" name="tearDown" is-config="true" duration-ms="20" started-at="2015-12-16T14:11:32Z" finished-at="2015-12-16T14:11:32Z">
          <reporter-output>
          </reporter-output>
        </test-method> <!-- tearDown -->
      </class> <!-- com.softserveinc.model.persist.home.ReviewHomeTest -->
    </test> <!-- homes -->
    <test name="facades" duration-ms="1622" started-at="2015-12-16T12:11:32Z" finished-at="2015-12-16T12:11:34Z">
      <class name="com.softserveinc.model.persist.facade.ReviewFacadeTest">
        <test-method status="PASS" signature="setUp()[pri:0, instance:com.softserveinc.model.persist.facade.ReviewFacadeTest@2b552920]" name="setUp" is-config="true" duration-ms="441" started-at="2015-12-16T14:11:33Z" finished-at="2015-12-16T14:11:33Z">
          <reporter-output>
          </reporter-output>
        </test-method> <!-- setUp -->
        <test-method status="PASS" signature="testFindAllReviewsByCommenter()[pri:0, instance:com.softserveinc.model.persist.facade.ReviewFacadeTest@2b552920]" name="testFindAllReviewsByCommenter" duration-ms="10" started-at="2015-12-16T14:11:33Z" finished-at="2015-12-16T14:11:33Z">
          <reporter-output>
          </reporter-output>
        </test-method> <!-- testFindAllReviewsByCommenter -->
        <test-method status="PASS" signature="testFindAverageRatingForBook()[pri:0, instance:com.softserveinc.model.persist.facade.ReviewFacadeTest@2b552920]" name="testFindAverageRatingForBook" duration-ms="10" started-at="2015-12-16T14:11:33Z" finished-at="2015-12-16T14:11:33Z">
          <reporter-output>
          </reporter-output>
        </test-method> <!-- testFindAverageRatingForBook -->
        <test-method status="PASS" signature="tearDown()[pri:0, instance:com.softserveinc.model.persist.facade.ReviewFacadeTest@2b552920]" name="tearDown" is-config="true" duration-ms="60" started-at="2015-12-16T14:11:33Z" finished-at="2015-12-16T14:11:34Z">
          <reporter-output>
          </reporter-output>
        </test-method> <!-- tearDown -->
      </class> <!-- com.softserveinc.model.persist.facade.ReviewFacadeTest -->
      <class name="com.softserveinc.model.persist.facade.BookFacadeTest">
        <test-method status="PASS" signature="setUp()[pri:0, instance:com.softserveinc.model.persist.facade.BookFacadeTest@627551fb]" name="setUp" is-config="true" duration-ms="460" started-at="2015-12-16T14:11:32Z" finished-at="2015-12-16T14:11:33Z">
          <reporter-output>
          </reporter-output>
        </test-method> <!-- setUp -->
        <test-method status="PASS" signature="testFindBookByISNBN()[pri:0, instance:com.softserveinc.model.persist.facade.BookFacadeTest@627551fb]" name="testFindBookByISNBN" duration-ms="10" started-at="2015-12-16T14:11:33Z" finished-at="2015-12-16T14:11:33Z">
          <reporter-output>
          </reporter-output>
        </test-method> <!-- testFindBookByISNBN -->
        <test-method status="PASS" signature="testFindBookByName()[pri:0, instance:com.softserveinc.model.persist.facade.BookFacadeTest@627551fb]" name="testFindBookByName" duration-ms="10" started-at="2015-12-16T14:11:33Z" finished-at="2015-12-16T14:11:33Z">
          <reporter-output>
          </reporter-output>
        </test-method> <!-- testFindBookByName -->
        <test-method status="PASS" signature="testFindBooksByAuthor()[pri:0, instance:com.softserveinc.model.persist.facade.BookFacadeTest@627551fb]" name="testFindBooksByAuthor" duration-ms="30" started-at="2015-12-16T14:11:33Z" finished-at="2015-12-16T14:11:33Z">
          <reporter-output>
          </reporter-output>
        </test-method> <!-- testFindBooksByAuthor -->
        <test-method status="PASS" signature="testFindBooksByPublisher()[pri:0, instance:com.softserveinc.model.persist.facade.BookFacadeTest@627551fb]" name="testFindBooksByPublisher" duration-ms="0" started-at="2015-12-16T14:11:33Z" finished-at="2015-12-16T14:11:33Z">
          <reporter-output>
          </reporter-output>
        </test-method> <!-- testFindBooksByPublisher -->
        <test-method status="PASS" signature="tearDown()[pri:0, instance:com.softserveinc.model.persist.facade.BookFacadeTest@627551fb]" name="tearDown" is-config="true" duration-ms="60" started-at="2015-12-16T14:11:33Z" finished-at="2015-12-16T14:11:33Z">
          <reporter-output>
          </reporter-output>
        </test-method> <!-- tearDown -->
      </class> <!-- com.softserveinc.model.persist.facade.BookFacadeTest -->
      <class name="com.softserveinc.model.persist.facade.AuthorFacadeTest">
        <test-method status="PASS" signature="getRemoteBeans()[pri:0, instance:com.softserveinc.model.persist.facade.AuthorFacadeTest@3701eaf6]" name="getRemoteBeans" is-config="true" duration-ms="2776" started-at="2015-12-16T14:11:27Z" finished-at="2015-12-16T14:11:30Z">
          <reporter-output>
          </reporter-output>
        </test-method> <!-- getRemoteBeans -->
        <test-method status="PASS" signature="setUp()[pri:0, instance:com.softserveinc.model.persist.facade.AuthorFacadeTest@3701eaf6]" name="setUp" is-config="true" duration-ms="421" started-at="2015-12-16T14:11:32Z" finished-at="2015-12-16T14:11:32Z">
          <reporter-output>
          </reporter-output>
        </test-method> <!-- setUp -->
        <test-method status="PASS" signature="testFindAllAuthorsByBook()[pri:0, instance:com.softserveinc.model.persist.facade.AuthorFacadeTest@3701eaf6]" name="testFindAllAuthorsByBook" duration-ms="20" started-at="2015-12-16T14:11:32Z" finished-at="2015-12-16T14:11:32Z">
          <reporter-output>
          </reporter-output>
        </test-method> <!-- testFindAllAuthorsByBook -->
        <test-method status="PASS" signature="testFindAuthorByFullName()[pri:0, instance:com.softserveinc.model.persist.facade.AuthorFacadeTest@3701eaf6]" name="testFindAuthorByFullName" duration-ms="10" started-at="2015-12-16T14:11:32Z" finished-at="2015-12-16T14:11:32Z">
          <reporter-output>
          </reporter-output>
        </test-method> <!-- testFindAuthorByFullName -->
        <test-method status="PASS" signature="tearDown()[pri:0, instance:com.softserveinc.model.persist.facade.AuthorFacadeTest@3701eaf6]" name="tearDown" is-config="true" duration-ms="70" started-at="2015-12-16T14:11:32Z" finished-at="2015-12-16T14:11:32Z">
          <reporter-output>
          </reporter-output>
        </test-method> <!-- tearDown -->
        <test-method status="PASS" signature="closeEJBSession()[pri:0, instance:com.softserveinc.model.persist.facade.AuthorFacadeTest@3701eaf6]" name="closeEJBSession" is-config="true" duration-ms="0" started-at="2015-12-16T14:11:34Z" finished-at="2015-12-16T14:11:34Z">
          <reporter-output>
          </reporter-output>
        </test-method> <!-- closeEJBSession -->
      </class> <!-- com.softserveinc.model.persist.facade.AuthorFacadeTest -->
    </test> <!-- facades -->
  </suite> <!-- BookLibrary-cdiTest -->
</testng-results>
