<?xml version="1.0" encoding="UTF-8"?>
<!-- Generated by org.testng.reporters.JUnitXMLReporter -->
<testsuite hostname="ARBON" name="homes" tests="13" failures="4" timestamp="16 Dec 2015 12:11:32 GMT" time="2.095" errors="0">
  <testcase name="testCreateBook" time="0.15" classname="com.softserveinc.model.persist.home.BookHomeTest"/>
  <testcase name="testCreateBookWithAuthors" time="0.06" classname="com.softserveinc.model.persist.home.BookHomeTest"/>
  <testcase name="testUpdateBook" time="0.05" classname="com.softserveinc.model.persist.home.BookHomeTest"/>
  <testcase name="testCreateBook" time="0.05" classname="com.softserveinc.model.persist.home.ReviewHomeTest"/>
  <testcase name="testUpdateReview" time="0.06" classname="com.softserveinc.model.persist.home.ReviewHomeTest"/>
  <testcase name="testCreateAuthor" time="0.01" classname="com.softserveinc.model.persist.home.AuthorHomeTest"/>
  <testcase name="testUpdateAuthor" time="0.02" classname="com.softserveinc.model.persist.home.AuthorHomeTest"/>
  <testcase name="testFindAllBooks" time="0.02" classname="com.softserveinc.model.persist.home.BookHomeTest">
    <failure type="java.lang.AssertionError" message="expected:&amp;lt;8&amp;gt; but was:&amp;lt;7&amp;gt;">
      <![CDATA[java.lang.AssertionError: expected:<8> but was:<7>
	at org.junit.Assert.fail(Assert.java:88)
	at org.junit.Assert.failNotEquals(Assert.java:743)
	at org.junit.Assert.assertEquals(Assert.java:118)
	at org.junit.Assert.assertEquals(Assert.java:555)
	at org.junit.Assert.assertEquals(Assert.java:542)
	at com.softserveinc.model.persist.home.BookHomeTest.testFindAllBooks(BookHomeTest.java:127)
... Removed 24 stack frames]]>
    </failure>
  </testcase> <!-- testFindAllBooks -->
  <testcase name="testFindByIdBook" time="0.01" classname="com.softserveinc.model.persist.home.BookHomeTest"/>
  <testcase name="testFindAllReviews" time="0.0" classname="com.softserveinc.model.persist.home.ReviewHomeTest">
    <failure type="java.lang.AssertionError" message="expected:&amp;lt;8&amp;gt; but was:&amp;lt;0&amp;gt;">
      <![CDATA[java.lang.AssertionError: expected:<8> but was:<0>
	at org.junit.Assert.fail(Assert.java:88)
	at org.junit.Assert.failNotEquals(Assert.java:743)
	at org.junit.Assert.assertEquals(Assert.java:118)
	at org.junit.Assert.assertEquals(Assert.java:555)
	at org.junit.Assert.assertEquals(Assert.java:542)
	at com.softserveinc.model.persist.home.ReviewHomeTest.testFindAllReviews(ReviewHomeTest.java:87)
... Removed 24 stack frames]]>
    </failure>
  </testcase> <!-- testFindAllReviews -->
  <testcase name="testFindByIdBook" time="0.01" classname="com.softserveinc.model.persist.home.ReviewHomeTest"/>
  <testcase name="testFindAllAuthors" time="0.0" classname="com.softserveinc.model.persist.home.AuthorHomeTest">
    <failure type="java.lang.AssertionError" message="expected:&amp;lt;5&amp;gt; but was:&amp;lt;0&amp;gt;">
      <![CDATA[java.lang.AssertionError: expected:<5> but was:<0>
	at org.junit.Assert.fail(Assert.java:88)
	at org.junit.Assert.failNotEquals(Assert.java:743)
	at org.junit.Assert.assertEquals(Assert.java:118)
	at org.junit.Assert.assertEquals(Assert.java:555)
	at org.junit.Assert.assertEquals(Assert.java:542)
	at com.softserveinc.model.persist.home.AuthorHomeTest.testFindAllAuthors(AuthorHomeTest.java:63)
... Removed 24 stack frames]]>
    </failure>
  </testcase> <!-- testFindAllAuthors -->
  <testcase name="testFindByIdAuthor" time="0.0" classname="com.softserveinc.model.persist.home.AuthorHomeTest">
    <failure type="java.lang.NullPointerException">
      <![CDATA[java.lang.NullPointerException
	at com.softserveinc.model.persist.home.AuthorHomeTest.testFindByIdAuthor(AuthorHomeTest.java:54)
... Removed 24 stack frames]]>
    </failure>
  </testcase> <!-- testFindByIdAuthor -->
</testsuite> <!-- homes -->
