<?xml version="1.0" encoding="UTF-8"?>
<!-- Generated by org.testng.reporters.JUnitXMLReporter -->
<testsuite hostname="ARBON" name="testCase" tests="22" failures="5" timestamp="16 Dec 2015 11:18:24 GMT" time="3.982" errors="0">
  <testcase name="testCreateAuthor" time="0.16" classname="com.softserveinc.model.persist.home.AuthorHomeTest"/>
  <testcase name="testFindAllAuthors" time="0.02" classname="com.softserveinc.model.persist.home.AuthorHomeTest"/>
  <testcase name="testFindAuthorByFullName" time="0.0" classname="com.softserveinc.model.persist.home.AuthorHomeTest"/>
  <testcase name="testFindByIdAuthor" time="0.01" classname="com.softserveinc.model.persist.home.AuthorHomeTest"/>
  <testcase name="testUpdateAuthor" time="0.03" classname="com.softserveinc.model.persist.home.AuthorHomeTest"/>
  <testcase name="testCreateBook" time="0.06" classname="com.softserveinc.model.persist.home.BookHomeTest"/>
  <testcase name="testCreateBookWithAuthors" time="0.04" classname="com.softserveinc.model.persist.home.BookHomeTest"/>
  <testcase name="testFindAllBooks" time="0.02" classname="com.softserveinc.model.persist.home.BookHomeTest">
    <failure type="java.lang.AssertionError" message="expected:&amp;lt;8&amp;gt; but was:&amp;lt;9&amp;gt;">
      <![CDATA[java.lang.AssertionError: expected:<8> but was:<9>
	at org.junit.Assert.fail(Assert.java:88)
	at org.junit.Assert.failNotEquals(Assert.java:743)
	at org.junit.Assert.assertEquals(Assert.java:118)
	at org.junit.Assert.assertEquals(Assert.java:555)
	at org.junit.Assert.assertEquals(Assert.java:542)
	at com.softserveinc.model.persist.home.BookHomeTest.testFindAllBooks(BookHomeTest.java:127)
... Removed 24 stack frames]]>
    </failure>
  </testcase> <!-- testFindAllBooks -->
  <testcase name="testFindByIdBook" time="0.01" classname="com.softserveinc.model.persist.home.BookHomeTest"/>
  <testcase name="testUpdateBook" time="0.03" classname="com.softserveinc.model.persist.home.BookHomeTest"/>
  <testcase name="testCreateBook" time="0.03" classname="com.softserveinc.model.persist.home.ReviewHomeTest">
    <failure type="java.lang.AssertionError" message="expected: java.lang.String&amp;lt;5&amp;gt; but was: java.lang.Integer&amp;lt;5&amp;gt;">
      <![CDATA[java.lang.AssertionError: expected: java.lang.String<5> but was: java.lang.Integer<5>
	at org.junit.Assert.fail(Assert.java:88)
	at org.junit.Assert.failNotEquals(Assert.java:743)
	at org.junit.Assert.assertEquals(Assert.java:118)
	at org.junit.Assert.assertEquals(Assert.java:144)
	at com.softserveinc.model.persist.home.ReviewHomeTest.testCreateBook(ReviewHomeTest.java:26)
... Removed 24 stack frames]]>
    </failure>
  </testcase> <!-- testCreateBook -->
  <testcase name="testFindAllReviews" time="0.02" classname="com.softserveinc.model.persist.home.ReviewHomeTest">
    <failure type="java.lang.AssertionError" message="expected:&amp;lt;8&amp;gt; but was:&amp;lt;10&amp;gt;">
      <![CDATA[java.lang.AssertionError: expected:<8> but was:<10>
	at org.junit.Assert.fail(Assert.java:88)
	at org.junit.Assert.failNotEquals(Assert.java:743)
	at org.junit.Assert.assertEquals(Assert.java:118)
	at org.junit.Assert.assertEquals(Assert.java:555)
	at org.junit.Assert.assertEquals(Assert.java:542)
	at com.softserveinc.model.persist.home.ReviewHomeTest.testFindAllReviews(ReviewHomeTest.java:87)
... Removed 24 stack frames]]>
    </failure>
  </testcase> <!-- testFindAllReviews -->
  <testcase name="testFindByIdBook" time="0.01" classname="com.softserveinc.model.persist.home.ReviewHomeTest">
    <failure type="java.lang.AssertionError" message="expected: java.lang.String&amp;lt;4&amp;gt; but was: java.lang.Integer&amp;lt;4&amp;gt;">
      <![CDATA[java.lang.AssertionError: expected: java.lang.String<4> but was: java.lang.Integer<4>
	at org.junit.Assert.fail(Assert.java:88)
	at org.junit.Assert.failNotEquals(Assert.java:743)
	at org.junit.Assert.assertEquals(Assert.java:118)
	at org.junit.Assert.assertEquals(Assert.java:144)
	at com.softserveinc.model.persist.home.ReviewHomeTest.testFindByIdBook(ReviewHomeTest.java:67)
... Removed 24 stack frames]]>
    </failure>
  </testcase> <!-- testFindByIdBook -->
  <testcase name="testUpdateReview" time="0.03" classname="com.softserveinc.model.persist.home.ReviewHomeTest">
    <failure type="java.lang.AssertionError" message="expected: java.lang.String&amp;lt;1&amp;gt; but was: java.lang.Integer&amp;lt;1&amp;gt;">
      <![CDATA[java.lang.AssertionError: expected: java.lang.String<1> but was: java.lang.Integer<1>
	at org.junit.Assert.fail(Assert.java:88)
	at org.junit.Assert.failNotEquals(Assert.java:743)
	at org.junit.Assert.assertEquals(Assert.java:118)
	at org.junit.Assert.assertEquals(Assert.java:144)
	at com.softserveinc.model.persist.home.ReviewHomeTest.testUpdateReview(ReviewHomeTest.java:54)
... Removed 24 stack frames]]>
    </failure>
  </testcase> <!-- testUpdateReview -->
  <testcase name="testFindAllAuthorsByBook" time="0.02" classname="com.softserveinc.model.persist.facade.AuthorFacadeTest"/>
  <testcase name="testFindAuthorByFullName" time="0.0" classname="com.softserveinc.model.persist.facade.AuthorFacadeTest"/>
  <testcase name="testFindBookByISNBN" time="0.01" classname="com.softserveinc.model.persist.facade.BookFacadeTest"/>
  <testcase name="testFindBookByName" time="0.01" classname="com.softserveinc.model.persist.facade.BookFacadeTest"/>
  <testcase name="testFindBooksByAuthor" time="0.03" classname="com.softserveinc.model.persist.facade.BookFacadeTest"/>
  <testcase name="testFindBooksByPublisher" time="0.0" classname="com.softserveinc.model.persist.facade.BookFacadeTest"/>
  <testcase name="testFindAllReviewsByCommenter" time="0.01" classname="com.softserveinc.model.persist.facade.ReviewFacadeTest"/>
  <testcase name="testFindAverageRatingForBook" time="0.01" classname="com.softserveinc.model.persist.facade.ReviewFacadeTest"/>
</testsuite> <!-- testCase -->
