<html>
<head>
<title>TestNG:  testCase</title>
<link href="../testng.css" rel="stylesheet" type="text/css" />
<link href="../my-testng.css" rel="stylesheet" type="text/css" />

<style type="text/css">
.log { display: none;} 
.stack-trace { display: none;} 
</style>
<script type="text/javascript">
<!--
function flip(e) {
  current = e.style.display;
  if (current == 'block') {
    e.style.display = 'none';
    return 0;
  }
  else {
    e.style.display = 'block';
    return 1;
  }
}

function toggleBox(szDivId, elem, msg1, msg2)
{
  var res = -1;  if (document.getElementById) {
    res = flip(document.getElementById(szDivId));
  }
  else if (document.all) {
    // this is the way old msie versions work
    res = flip(document.all[szDivId]);
  }
  if(elem) {
    if(res == 0) elem.innerHTML = msg1; else elem.innerHTML = msg2;
  }

}

function toggleAllBoxes() {
  if (document.getElementsByTagName) {
    d = document.getElementsByTagName('div');
    for (i = 0; i < d.length; i++) {
      if (d[i].className == 'log') {
        flip(d[i]);
      }
    }
  }
}

// -->
</script>

</head>
<body>
<h2 align='center'>testCase</h2><table border='1' align="center">
<tr>
<td>Tests passed/Failed/Skipped:</td><td>17/5/0</td>
</tr><tr>
<td>Started on:</td><td>Wed Dec 16 13:18:20 EET 2015</td>
</tr>
<tr><td>Total time:</td><td>3 seconds (3982 ms)</td>
</tr><tr>
<td>Included groups:</td><td></td>
</tr><tr>
<td>Excluded groups:</td><td></td>
</tr>
</table><p/>
<small><i>(Hover the method name to see the test class name)</i></small><p/>
<table width='100%' border='1' class='invocation-failed'>
<tr><td colspan='4' align='center'><b>FAILED TESTS</b></td></tr>
<tr><td><b>Test method</b></td>
<td width="30%"><b>Exception</b></td>
<td width="10%"><b>Time (seconds)</b></td>
<td><b>Instance</b></td>
</tr>
<tr>
<td title='com.softserveinc.model.persist.home.ReviewHomeTest.testCreateBook()'><b>testCreateBook</b><br>Test class: com.softserveinc.model.persist.home.ReviewHomeTest</td>
<td><div><pre>java.lang.AssertionError: expected: java.lang.String&lt;5&gt; but was: java.lang.Integer&lt;5&gt;
	at org.junit.Assert.fail(Assert.java:88)
	at org.junit.Assert.failNotEquals(Assert.java:743)
	at org.junit.Assert.assertEquals(Assert.java:118)
	at org.junit.Assert.assertEquals(Assert.java:144)
	at com.softserveinc.model.persist.home.ReviewHomeTest.testCreateBook(ReviewHomeTest.java:26)
... Removed 24 stack frames</pre></div><a href='#' onClick='toggleBox("stack-trace813364097", this, "Click to show all stack frames", "Click to hide stack frames")'>Click to show all stack frames</a>
<div class='stack-trace' id='stack-trace813364097'><pre>java.lang.AssertionError: expected: java.lang.String&lt;5&gt; but was: java.lang.Integer&lt;5&gt;
	at org.junit.Assert.fail(Assert.java:88)
	at org.junit.Assert.failNotEquals(Assert.java:743)
	at org.junit.Assert.assertEquals(Assert.java:118)
	at org.junit.Assert.assertEquals(Assert.java:144)
	at com.softserveinc.model.persist.home.ReviewHomeTest.testCreateBook(ReviewHomeTest.java:26)
	at sun.reflect.NativeMethodAccessorImpl.invoke0(Native Method)
	at sun.reflect.NativeMethodAccessorImpl.invoke(NativeMethodAccessorImpl.java:62)
	at sun.reflect.DelegatingMethodAccessorImpl.invoke(DelegatingMethodAccessorImpl.java:43)
	at java.lang.reflect.Method.invoke(Method.java:497)
	at org.testng.internal.MethodInvocationHelper.invokeMethod(MethodInvocationHelper.java:85)
	at org.testng.internal.Invoker.invokeMethod(Invoker.java:639)
	at org.testng.internal.Invoker.invokeTestMethod(Invoker.java:816)
	at org.testng.internal.Invoker.invokeTestMethods(Invoker.java:1124)
	at org.testng.internal.TestMethodWorker.invokeTestMethods(TestMethodWorker.java:125)
	at org.testng.internal.TestMethodWorker.run(TestMethodWorker.java:108)
	at org.testng.TestRunner.privateRun(TestRunner.java:774)
	at org.testng.TestRunner.run(TestRunner.java:624)
	at org.testng.SuiteRunner.runTest(SuiteRunner.java:359)
	at org.testng.SuiteRunner.runSequentially(SuiteRunner.java:354)
	at org.testng.SuiteRunner.privateRun(SuiteRunner.java:312)
	at org.testng.SuiteRunner.run(SuiteRunner.java:261)
	at org.testng.SuiteRunnerWorker.runSuite(SuiteRunnerWorker.java:52)
	at org.testng.SuiteRunnerWorker.run(SuiteRunnerWorker.java:86)
	at org.testng.TestNG.runSuitesSequentially(TestNG.java:1215)
	at org.testng.TestNG.runSuitesLocally(TestNG.java:1140)
	at org.testng.TestNG.run(TestNG.java:1048)
	at org.testng.remote.RemoteTestNG.run(RemoteTestNG.java:112)
	at org.testng.remote.RemoteTestNG.initAndRun(RemoteTestNG.java:205)
	at org.testng.remote.RemoteTestNG.main(RemoteTestNG.java:176)
</pre></div></td>
<td>0</td>
<td>com.softserveinc.model.persist.home.ReviewHomeTest@eec5a4a</td></tr>
<tr>
<td title='com.softserveinc.model.persist.home.BookHomeTest.testFindAllBooks()'><b>testFindAllBooks</b><br>Test class: com.softserveinc.model.persist.home.BookHomeTest</td>
<td><div><pre>java.lang.AssertionError: expected:&lt;8&gt; but was:&lt;9&gt;
	at org.junit.Assert.fail(Assert.java:88)
	at org.junit.Assert.failNotEquals(Assert.java:743)
	at org.junit.Assert.assertEquals(Assert.java:118)
	at org.junit.Assert.assertEquals(Assert.java:555)
	at org.junit.Assert.assertEquals(Assert.java:542)
	at com.softserveinc.model.persist.home.BookHomeTest.testFindAllBooks(BookHomeTest.java:127)
... Removed 24 stack frames</pre></div><a href='#' onClick='toggleBox("stack-trace1747862622", this, "Click to show all stack frames", "Click to hide stack frames")'>Click to show all stack frames</a>
<div class='stack-trace' id='stack-trace1747862622'><pre>java.lang.AssertionError: expected:&lt;8&gt; but was:&lt;9&gt;
	at org.junit.Assert.fail(Assert.java:88)
	at org.junit.Assert.failNotEquals(Assert.java:743)
	at org.junit.Assert.assertEquals(Assert.java:118)
	at org.junit.Assert.assertEquals(Assert.java:555)
	at org.junit.Assert.assertEquals(Assert.java:542)
	at com.softserveinc.model.persist.home.BookHomeTest.testFindAllBooks(BookHomeTest.java:127)
	at sun.reflect.NativeMethodAccessorImpl.invoke0(Native Method)
	at sun.reflect.NativeMethodAccessorImpl.invoke(NativeMethodAccessorImpl.java:62)
	at sun.reflect.DelegatingMethodAccessorImpl.invoke(DelegatingMethodAccessorImpl.java:43)
	at java.lang.reflect.Method.invoke(Method.java:497)
	at org.testng.internal.MethodInvocationHelper.invokeMethod(MethodInvocationHelper.java:85)
	at org.testng.internal.Invoker.invokeMethod(Invoker.java:639)
	at org.testng.internal.Invoker.invokeTestMethod(Invoker.java:816)
	at org.testng.internal.Invoker.invokeTestMethods(Invoker.java:1124)
	at org.testng.internal.TestMethodWorker.invokeTestMethods(TestMethodWorker.java:125)
	at org.testng.internal.TestMethodWorker.run(TestMethodWorker.java:108)
	at org.testng.TestRunner.privateRun(TestRunner.java:774)
	at org.testng.TestRunner.run(TestRunner.java:624)
	at org.testng.SuiteRunner.runTest(SuiteRunner.java:359)
	at org.testng.SuiteRunner.runSequentially(SuiteRunner.java:354)
	at org.testng.SuiteRunner.privateRun(SuiteRunner.java:312)
	at org.testng.SuiteRunner.run(SuiteRunner.java:261)
	at org.testng.SuiteRunnerWorker.runSuite(SuiteRunnerWorker.java:52)
	at org.testng.SuiteRunnerWorker.run(SuiteRunnerWorker.java:86)
	at org.testng.TestNG.runSuitesSequentially(TestNG.java:1215)
	at org.testng.TestNG.runSuitesLocally(TestNG.java:1140)
	at org.testng.TestNG.run(TestNG.java:1048)
	at org.testng.remote.RemoteTestNG.run(RemoteTestNG.java:112)
	at org.testng.remote.RemoteTestNG.initAndRun(RemoteTestNG.java:205)
	at org.testng.remote.RemoteTestNG.main(RemoteTestNG.java:176)
</pre></div></td>
<td>0</td>
<td>com.softserveinc.model.persist.home.BookHomeTest@210366b4</td></tr>
<tr>
<td title='com.softserveinc.model.persist.home.ReviewHomeTest.testFindAllReviews()'><b>testFindAllReviews</b><br>Test class: com.softserveinc.model.persist.home.ReviewHomeTest</td>
<td><div><pre>java.lang.AssertionError: expected:&lt;8&gt; but was:&lt;10&gt;
	at org.junit.Assert.fail(Assert.java:88)
	at org.junit.Assert.failNotEquals(Assert.java:743)
	at org.junit.Assert.assertEquals(Assert.java:118)
	at org.junit.Assert.assertEquals(Assert.java:555)
	at org.junit.Assert.assertEquals(Assert.java:542)
	at com.softserveinc.model.persist.home.ReviewHomeTest.testFindAllReviews(ReviewHomeTest.java:87)
... Removed 24 stack frames</pre></div><a href='#' onClick='toggleBox("stack-trace626211770", this, "Click to show all stack frames", "Click to hide stack frames")'>Click to show all stack frames</a>
<div class='stack-trace' id='stack-trace626211770'><pre>java.lang.AssertionError: expected:&lt;8&gt; but was:&lt;10&gt;
	at org.junit.Assert.fail(Assert.java:88)
	at org.junit.Assert.failNotEquals(Assert.java:743)
	at org.junit.Assert.assertEquals(Assert.java:118)
	at org.junit.Assert.assertEquals(Assert.java:555)
	at org.junit.Assert.assertEquals(Assert.java:542)
	at com.softserveinc.model.persist.home.ReviewHomeTest.testFindAllReviews(ReviewHomeTest.java:87)
	at sun.reflect.NativeMethodAccessorImpl.invoke0(Native Method)
	at sun.reflect.NativeMethodAccessorImpl.invoke(NativeMethodAccessorImpl.java:62)
	at sun.reflect.DelegatingMethodAccessorImpl.invoke(DelegatingMethodAccessorImpl.java:43)
	at java.lang.reflect.Method.invoke(Method.java:497)
	at org.testng.internal.MethodInvocationHelper.invokeMethod(MethodInvocationHelper.java:85)
	at org.testng.internal.Invoker.invokeMethod(Invoker.java:639)
	at org.testng.internal.Invoker.invokeTestMethod(Invoker.java:816)
	at org.testng.internal.Invoker.invokeTestMethods(Invoker.java:1124)
	at org.testng.internal.TestMethodWorker.invokeTestMethods(TestMethodWorker.java:125)
	at org.testng.internal.TestMethodWorker.run(TestMethodWorker.java:108)
	at org.testng.TestRunner.privateRun(TestRunner.java:774)
	at org.testng.TestRunner.run(TestRunner.java:624)
	at org.testng.SuiteRunner.runTest(SuiteRunner.java:359)
	at org.testng.SuiteRunner.runSequentially(SuiteRunner.java:354)
	at org.testng.SuiteRunner.privateRun(SuiteRunner.java:312)
	at org.testng.SuiteRunner.run(SuiteRunner.java:261)
	at org.testng.SuiteRunnerWorker.runSuite(SuiteRunnerWorker.java:52)
	at org.testng.SuiteRunnerWorker.run(SuiteRunnerWorker.java:86)
	at org.testng.TestNG.runSuitesSequentially(TestNG.java:1215)
	at org.testng.TestNG.runSuitesLocally(TestNG.java:1140)
	at org.testng.TestNG.run(TestNG.java:1048)
	at org.testng.remote.RemoteTestNG.run(RemoteTestNG.java:112)
	at org.testng.remote.RemoteTestNG.initAndRun(RemoteTestNG.java:205)
	at org.testng.remote.RemoteTestNG.main(RemoteTestNG.java:176)
</pre></div></td>
<td>0</td>
<td>com.softserveinc.model.persist.home.ReviewHomeTest@eec5a4a</td></tr>
<tr>
<td title='com.softserveinc.model.persist.home.ReviewHomeTest.testFindByIdBook()'><b>testFindByIdBook</b><br>Test class: com.softserveinc.model.persist.home.ReviewHomeTest</td>
<td><div><pre>java.lang.AssertionError: expected: java.lang.String&lt;4&gt; but was: java.lang.Integer&lt;4&gt;
	at org.junit.Assert.fail(Assert.java:88)
	at org.junit.Assert.failNotEquals(Assert.java:743)
	at org.junit.Assert.assertEquals(Assert.java:118)
	at org.junit.Assert.assertEquals(Assert.java:144)
	at com.softserveinc.model.persist.home.ReviewHomeTest.testFindByIdBook(ReviewHomeTest.java:67)
... Removed 24 stack frames</pre></div><a href='#' onClick='toggleBox("stack-trace1402979793", this, "Click to show all stack frames", "Click to hide stack frames")'>Click to show all stack frames</a>
<div class='stack-trace' id='stack-trace1402979793'><pre>java.lang.AssertionError: expected: java.lang.String&lt;4&gt; but was: java.lang.Integer&lt;4&gt;
	at org.junit.Assert.fail(Assert.java:88)
	at org.junit.Assert.failNotEquals(Assert.java:743)
	at org.junit.Assert.assertEquals(Assert.java:118)
	at org.junit.Assert.assertEquals(Assert.java:144)
	at com.softserveinc.model.persist.home.ReviewHomeTest.testFindByIdBook(ReviewHomeTest.java:67)
	at sun.reflect.NativeMethodAccessorImpl.invoke0(Native Method)
	at sun.reflect.NativeMethodAccessorImpl.invoke(NativeMethodAccessorImpl.java:62)
	at sun.reflect.DelegatingMethodAccessorImpl.invoke(DelegatingMethodAccessorImpl.java:43)
	at java.lang.reflect.Method.invoke(Method.java:497)
	at org.testng.internal.MethodInvocationHelper.invokeMethod(MethodInvocationHelper.java:85)
	at org.testng.internal.Invoker.invokeMethod(Invoker.java:639)
	at org.testng.internal.Invoker.invokeTestMethod(Invoker.java:816)
	at org.testng.internal.Invoker.invokeTestMethods(Invoker.java:1124)
	at org.testng.internal.TestMethodWorker.invokeTestMethods(TestMethodWorker.java:125)
	at org.testng.internal.TestMethodWorker.run(TestMethodWorker.java:108)
	at org.testng.TestRunner.privateRun(TestRunner.java:774)
	at org.testng.TestRunner.run(TestRunner.java:624)
	at org.testng.SuiteRunner.runTest(SuiteRunner.java:359)
	at org.testng.SuiteRunner.runSequentially(SuiteRunner.java:354)
	at org.testng.SuiteRunner.privateRun(SuiteRunner.java:312)
	at org.testng.SuiteRunner.run(SuiteRunner.java:261)
	at org.testng.SuiteRunnerWorker.runSuite(SuiteRunnerWorker.java:52)
	at org.testng.SuiteRunnerWorker.run(SuiteRunnerWorker.java:86)
	at org.testng.TestNG.runSuitesSequentially(TestNG.java:1215)
	at org.testng.TestNG.runSuitesLocally(TestNG.java:1140)
	at org.testng.TestNG.run(TestNG.java:1048)
	at org.testng.remote.RemoteTestNG.run(RemoteTestNG.java:112)
	at org.testng.remote.RemoteTestNG.initAndRun(RemoteTestNG.java:205)
	at org.testng.remote.RemoteTestNG.main(RemoteTestNG.java:176)
</pre></div></td>
<td>0</td>
<td>com.softserveinc.model.persist.home.ReviewHomeTest@eec5a4a</td></tr>
<tr>
<td title='com.softserveinc.model.persist.home.ReviewHomeTest.testUpdateReview()'><b>testUpdateReview</b><br>Test class: com.softserveinc.model.persist.home.ReviewHomeTest</td>
<td><div><pre>java.lang.AssertionError: expected: java.lang.String&lt;1&gt; but was: java.lang.Integer&lt;1&gt;
	at org.junit.Assert.fail(Assert.java:88)
	at org.junit.Assert.failNotEquals(Assert.java:743)
	at org.junit.Assert.assertEquals(Assert.java:118)
	at org.junit.Assert.assertEquals(Assert.java:144)
	at com.softserveinc.model.persist.home.ReviewHomeTest.testUpdateReview(ReviewHomeTest.java:54)
... Removed 24 stack frames</pre></div><a href='#' onClick='toggleBox("stack-trace528372433", this, "Click to show all stack frames", "Click to hide stack frames")'>Click to show all stack frames</a>
<div class='stack-trace' id='stack-trace528372433'><pre>java.lang.AssertionError: expected: java.lang.String&lt;1&gt; but was: java.lang.Integer&lt;1&gt;
	at org.junit.Assert.fail(Assert.java:88)
	at org.junit.Assert.failNotEquals(Assert.java:743)
	at org.junit.Assert.assertEquals(Assert.java:118)
	at org.junit.Assert.assertEquals(Assert.java:144)
	at com.softserveinc.model.persist.home.ReviewHomeTest.testUpdateReview(ReviewHomeTest.java:54)
	at sun.reflect.NativeMethodAccessorImpl.invoke0(Native Method)
	at sun.reflect.NativeMethodAccessorImpl.invoke(NativeMethodAccessorImpl.java:62)
	at sun.reflect.DelegatingMethodAccessorImpl.invoke(DelegatingMethodAccessorImpl.java:43)
	at java.lang.reflect.Method.invoke(Method.java:497)
	at org.testng.internal.MethodInvocationHelper.invokeMethod(MethodInvocationHelper.java:85)
	at org.testng.internal.Invoker.invokeMethod(Invoker.java:639)
	at org.testng.internal.Invoker.invokeTestMethod(Invoker.java:816)
	at org.testng.internal.Invoker.invokeTestMethods(Invoker.java:1124)
	at org.testng.internal.TestMethodWorker.invokeTestMethods(TestMethodWorker.java:125)
	at org.testng.internal.TestMethodWorker.run(TestMethodWorker.java:108)
	at org.testng.TestRunner.privateRun(TestRunner.java:774)
	at org.testng.TestRunner.run(TestRunner.java:624)
	at org.testng.SuiteRunner.runTest(SuiteRunner.java:359)
	at org.testng.SuiteRunner.runSequentially(SuiteRunner.java:354)
	at org.testng.SuiteRunner.privateRun(SuiteRunner.java:312)
	at org.testng.SuiteRunner.run(SuiteRunner.java:261)
	at org.testng.SuiteRunnerWorker.runSuite(SuiteRunnerWorker.java:52)
	at org.testng.SuiteRunnerWorker.run(SuiteRunnerWorker.java:86)
	at org.testng.TestNG.runSuitesSequentially(TestNG.java:1215)
	at org.testng.TestNG.runSuitesLocally(TestNG.java:1140)
	at org.testng.TestNG.run(TestNG.java:1048)
	at org.testng.remote.RemoteTestNG.run(RemoteTestNG.java:112)
	at org.testng.remote.RemoteTestNG.initAndRun(RemoteTestNG.java:205)
	at org.testng.remote.RemoteTestNG.main(RemoteTestNG.java:176)
</pre></div></td>
<td>0</td>
<td>com.softserveinc.model.persist.home.ReviewHomeTest@eec5a4a</td></tr>
</table><p>
<table width='100%' border='1' class='invocation-passed'>
<tr><td colspan='4' align='center'><b>PASSED TESTS</b></td></tr>
<tr><td><b>Test method</b></td>
<td width="30%"><b>Exception</b></td>
<td width="10%"><b>Time (seconds)</b></td>
<td><b>Instance</b></td>
</tr>
<tr>
<td title='com.softserveinc.model.persist.home.AuthorHomeTest.testCreateAuthor()'><b>testCreateAuthor</b><br>Test class: com.softserveinc.model.persist.home.AuthorHomeTest</td>
<td></td>
<td>0</td>
<td>com.softserveinc.model.persist.home.AuthorHomeTest@335eadca</td></tr>
<tr>
<td title='com.softserveinc.model.persist.home.BookHomeTest.testCreateBook()'><b>testCreateBook</b><br>Test class: com.softserveinc.model.persist.home.BookHomeTest</td>
<td></td>
<td>0</td>
<td>com.softserveinc.model.persist.home.BookHomeTest@210366b4</td></tr>
<tr>
<td title='com.softserveinc.model.persist.home.BookHomeTest.testCreateBookWithAuthors()'><b>testCreateBookWithAuthors</b><br>Test class: com.softserveinc.model.persist.home.BookHomeTest</td>
<td></td>
<td>0</td>
<td>com.softserveinc.model.persist.home.BookHomeTest@210366b4</td></tr>
<tr>
<td title='com.softserveinc.model.persist.home.AuthorHomeTest.testFindAllAuthors()'><b>testFindAllAuthors</b><br>Test class: com.softserveinc.model.persist.home.AuthorHomeTest</td>
<td></td>
<td>0</td>
<td>com.softserveinc.model.persist.home.AuthorHomeTest@335eadca</td></tr>
<tr>
<td title='com.softserveinc.model.persist.facade.AuthorFacadeTest.testFindAllAuthorsByBook()'><b>testFindAllAuthorsByBook</b><br>Test class: com.softserveinc.model.persist.facade.AuthorFacadeTest</td>
<td></td>
<td>0</td>
<td>com.softserveinc.model.persist.facade.AuthorFacadeTest@2b2948e2</td></tr>
<tr>
<td title='com.softserveinc.model.persist.facade.ReviewFacadeTest.testFindAllReviewsByCommenter()'><b>testFindAllReviewsByCommenter</b><br>Test class: com.softserveinc.model.persist.facade.ReviewFacadeTest</td>
<td></td>
<td>0</td>
<td>com.softserveinc.model.persist.facade.ReviewFacadeTest@57536d79</td></tr>
<tr>
<td title='com.softserveinc.model.persist.home.AuthorHomeTest.testFindAuthorByFullName()'><b>testFindAuthorByFullName</b><br>Test class: com.softserveinc.model.persist.home.AuthorHomeTest</td>
<td></td>
<td>0</td>
<td>com.softserveinc.model.persist.home.AuthorHomeTest@335eadca</td></tr>
<tr>
<td title='com.softserveinc.model.persist.facade.AuthorFacadeTest.testFindAuthorByFullName()'><b>testFindAuthorByFullName</b><br>Test class: com.softserveinc.model.persist.facade.AuthorFacadeTest</td>
<td></td>
<td>0</td>
<td>com.softserveinc.model.persist.facade.AuthorFacadeTest@2b2948e2</td></tr>
<tr>
<td title='com.softserveinc.model.persist.facade.ReviewFacadeTest.testFindAverageRatingForBook()'><b>testFindAverageRatingForBook</b><br>Test class: com.softserveinc.model.persist.facade.ReviewFacadeTest</td>
<td></td>
<td>0</td>
<td>com.softserveinc.model.persist.facade.ReviewFacadeTest@57536d79</td></tr>
<tr>
<td title='com.softserveinc.model.persist.facade.BookFacadeTest.testFindBookByISNBN()'><b>testFindBookByISNBN</b><br>Test class: com.softserveinc.model.persist.facade.BookFacadeTest</td>
<td></td>
<td>0</td>
<td>com.softserveinc.model.persist.facade.BookFacadeTest@6ddf90b0</td></tr>
<tr>
<td title='com.softserveinc.model.persist.facade.BookFacadeTest.testFindBookByName()'><b>testFindBookByName</b><br>Test class: com.softserveinc.model.persist.facade.BookFacadeTest</td>
<td></td>
<td>0</td>
<td>com.softserveinc.model.persist.facade.BookFacadeTest@6ddf90b0</td></tr>
<tr>
<td title='com.softserveinc.model.persist.facade.BookFacadeTest.testFindBooksByAuthor()'><b>testFindBooksByAuthor</b><br>Test class: com.softserveinc.model.persist.facade.BookFacadeTest</td>
<td></td>
<td>0</td>
<td>com.softserveinc.model.persist.facade.BookFacadeTest@6ddf90b0</td></tr>
<tr>
<td title='com.softserveinc.model.persist.facade.BookFacadeTest.testFindBooksByPublisher()'><b>testFindBooksByPublisher</b><br>Test class: com.softserveinc.model.persist.facade.BookFacadeTest</td>
<td></td>
<td>0</td>
<td>com.softserveinc.model.persist.facade.BookFacadeTest@6ddf90b0</td></tr>
<tr>
<td title='com.softserveinc.model.persist.home.AuthorHomeTest.testFindByIdAuthor()'><b>testFindByIdAuthor</b><br>Test class: com.softserveinc.model.persist.home.AuthorHomeTest</td>
<td><div><pre>java.lang.NullPointerException
	at com.softserveinc.model.persist.home.AuthorHomeTest.testFindByIdAuthor(AuthorHomeTest.java:50)
... Removed 24 stack frames</pre></div><a href='#' onClick='toggleBox("stack-trace656898222", this, "Click to show all stack frames", "Click to hide stack frames")'>Click to show all stack frames</a>
<div class='stack-trace' id='stack-trace656898222'><pre>java.lang.NullPointerException
	at com.softserveinc.model.persist.home.AuthorHomeTest.testFindByIdAuthor(AuthorHomeTest.java:50)
	at sun.reflect.NativeMethodAccessorImpl.invoke0(Native Method)
	at sun.reflect.NativeMethodAccessorImpl.invoke(NativeMethodAccessorImpl.java:62)
	at sun.reflect.DelegatingMethodAccessorImpl.invoke(DelegatingMethodAccessorImpl.java:43)
	at java.lang.reflect.Method.invoke(Method.java:497)
	at org.testng.internal.MethodInvocationHelper.invokeMethod(MethodInvocationHelper.java:85)
	at org.testng.internal.Invoker.invokeMethod(Invoker.java:639)
	at org.testng.internal.Invoker.invokeTestMethod(Invoker.java:816)
	at org.testng.internal.Invoker.invokeTestMethods(Invoker.java:1124)
	at org.testng.internal.TestMethodWorker.invokeTestMethods(TestMethodWorker.java:125)
	at org.testng.internal.TestMethodWorker.run(TestMethodWorker.java:108)
	at org.testng.TestRunner.privateRun(TestRunner.java:774)
	at org.testng.TestRunner.run(TestRunner.java:624)
	at org.testng.SuiteRunner.runTest(SuiteRunner.java:359)
	at org.testng.SuiteRunner.runSequentially(SuiteRunner.java:354)
	at org.testng.SuiteRunner.privateRun(SuiteRunner.java:312)
	at org.testng.SuiteRunner.run(SuiteRunner.java:261)
	at org.testng.SuiteRunnerWorker.runSuite(SuiteRunnerWorker.java:52)
	at org.testng.SuiteRunnerWorker.run(SuiteRunnerWorker.java:86)
	at org.testng.TestNG.runSuitesSequentially(TestNG.java:1215)
	at org.testng.TestNG.runSuitesLocally(TestNG.java:1140)
	at org.testng.TestNG.run(TestNG.java:1048)
	at org.testng.remote.RemoteTestNG.run(RemoteTestNG.java:112)
	at org.testng.remote.RemoteTestNG.initAndRun(RemoteTestNG.java:205)
	at org.testng.remote.RemoteTestNG.main(RemoteTestNG.java:176)
</pre></div></td>
<td>0</td>
<td>com.softserveinc.model.persist.home.AuthorHomeTest@335eadca</td></tr>
<tr>
<td title='com.softserveinc.model.persist.home.BookHomeTest.testFindByIdBook()'><b>testFindByIdBook</b><br>Test class: com.softserveinc.model.persist.home.BookHomeTest</td>
<td><div><pre>java.lang.NullPointerException
	at com.softserveinc.model.persist.home.BookHomeTest.testFindByIdBook(BookHomeTest.java:111)
... Removed 24 stack frames</pre></div><a href='#' onClick='toggleBox("stack-trace732918485", this, "Click to show all stack frames", "Click to hide stack frames")'>Click to show all stack frames</a>
<div class='stack-trace' id='stack-trace732918485'><pre>java.lang.NullPointerException
	at com.softserveinc.model.persist.home.BookHomeTest.testFindByIdBook(BookHomeTest.java:111)
	at sun.reflect.NativeMethodAccessorImpl.invoke0(Native Method)
	at sun.reflect.NativeMethodAccessorImpl.invoke(NativeMethodAccessorImpl.java:62)
	at sun.reflect.DelegatingMethodAccessorImpl.invoke(DelegatingMethodAccessorImpl.java:43)
	at java.lang.reflect.Method.invoke(Method.java:497)
	at org.testng.internal.MethodInvocationHelper.invokeMethod(MethodInvocationHelper.java:85)
	at org.testng.internal.Invoker.invokeMethod(Invoker.java:639)
	at org.testng.internal.Invoker.invokeTestMethod(Invoker.java:816)
	at org.testng.internal.Invoker.invokeTestMethods(Invoker.java:1124)
	at org.testng.internal.TestMethodWorker.invokeTestMethods(TestMethodWorker.java:125)
	at org.testng.internal.TestMethodWorker.run(TestMethodWorker.java:108)
	at org.testng.TestRunner.privateRun(TestRunner.java:774)
	at org.testng.TestRunner.run(TestRunner.java:624)
	at org.testng.SuiteRunner.runTest(SuiteRunner.java:359)
	at org.testng.SuiteRunner.runSequentially(SuiteRunner.java:354)
	at org.testng.SuiteRunner.privateRun(SuiteRunner.java:312)
	at org.testng.SuiteRunner.run(SuiteRunner.java:261)
	at org.testng.SuiteRunnerWorker.runSuite(SuiteRunnerWorker.java:52)
	at org.testng.SuiteRunnerWorker.run(SuiteRunnerWorker.java:86)
	at org.testng.TestNG.runSuitesSequentially(TestNG.java:1215)
	at org.testng.TestNG.runSuitesLocally(TestNG.java:1140)
	at org.testng.TestNG.run(TestNG.java:1048)
	at org.testng.remote.RemoteTestNG.run(RemoteTestNG.java:112)
	at org.testng.remote.RemoteTestNG.initAndRun(RemoteTestNG.java:205)
	at org.testng.remote.RemoteTestNG.main(RemoteTestNG.java:176)
</pre></div></td>
<td>0</td>
<td>com.softserveinc.model.persist.home.BookHomeTest@210366b4</td></tr>
<tr>
<td title='com.softserveinc.model.persist.home.AuthorHomeTest.testUpdateAuthor()'><b>testUpdateAuthor</b><br>Test class: com.softserveinc.model.persist.home.AuthorHomeTest</td>
<td></td>
<td>0</td>
<td>com.softserveinc.model.persist.home.AuthorHomeTest@335eadca</td></tr>
<tr>
<td title='com.softserveinc.model.persist.home.BookHomeTest.testUpdateBook()'><b>testUpdateBook</b><br>Test class: com.softserveinc.model.persist.home.BookHomeTest</td>
<td></td>
<td>0</td>
<td>com.softserveinc.model.persist.home.BookHomeTest@210366b4</td></tr>
</table><p>
</body>
</html>